running egg_info
creating ../build/robot_odometry/robot_odometry.egg-info
writing ../build/robot_odometry/robot_odometry.egg-info/PKG-INFO
writing dependency_links to ../build/robot_odometry/robot_odometry.egg-info/dependency_links.txt
writing entry points to ../build/robot_odometry/robot_odometry.egg-info/entry_points.txt
writing requirements to ../build/robot_odometry/robot_odometry.egg-info/requires.txt
writing top-level names to ../build/robot_odometry/robot_odometry.egg-info/top_level.txt
writing manifest file '../build/robot_odometry/robot_odometry.egg-info/SOURCES.txt'
reading manifest file '../build/robot_odometry/robot_odometry.egg-info/SOURCES.txt'
writing manifest file '../build/robot_odometry/robot_odometry.egg-info/SOURCES.txt'
running build
running build_py
creating /home/cardenas/car_ws/src/build/robot_odometry/build
creating /home/cardenas/car_ws/src/build/robot_odometry/build/lib
creating /home/cardenas/car_ws/src/build/robot_odometry/build/lib/robot_odometry
copying robot_odometry/odometry.py -> /home/cardenas/car_ws/src/build/robot_odometry/build/lib/robot_odometry
copying robot_odometry/__init__.py -> /home/cardenas/car_ws/src/build/robot_odometry/build/lib/robot_odometry
running install
running install_lib
creating /home/cardenas/car_ws/src/install/robot_odometry/lib/python3.10/site-packages/robot_odometry
copying /home/cardenas/car_ws/src/build/robot_odometry/build/lib/robot_odometry/odometry.py -> /home/cardenas/car_ws/src/install/robot_odometry/lib/python3.10/site-packages/robot_odometry
copying /home/cardenas/car_ws/src/build/robot_odometry/build/lib/robot_odometry/__init__.py -> /home/cardenas/car_ws/src/install/robot_odometry/lib/python3.10/site-packages/robot_odometry
byte-compiling /home/cardenas/car_ws/src/install/robot_odometry/lib/python3.10/site-packages/robot_odometry/odometry.py to odometry.cpython-310.pyc
byte-compiling /home/cardenas/car_ws/src/install/robot_odometry/lib/python3.10/site-packages/robot_odometry/__init__.py to __init__.cpython-310.pyc
running install_data
creating /home/cardenas/car_ws/src/install/robot_odometry/share/ament_index
creating /home/cardenas/car_ws/src/install/robot_odometry/share/ament_index/resource_index
creating /home/cardenas/car_ws/src/install/robot_odometry/share/ament_index/resource_index/packages
copying resource/robot_odometry -> /home/cardenas/car_ws/src/install/robot_odometry/share/ament_index/resource_index/packages
copying package.xml -> /home/cardenas/car_ws/src/install/robot_odometry/share/robot_odometry
running install_egg_info
Copying ../build/robot_odometry/robot_odometry.egg-info to /home/cardenas/car_ws/src/install/robot_odometry/lib/python3.10/site-packages/robot_odometry-0.0.0-py3.10.egg-info
running install_scripts
Installing odometry script to /home/cardenas/car_ws/src/install/robot_odometry/lib/robot_odometry
writing list of installed files to '/home/cardenas/car_ws/src/build/robot_odometry/install.log'
