[0.438s] Invoking command in '/home/cardenas/car_ws/src/robot_odometry': PYTHONPATH=/home/cardenas/car_ws/src/build/robot_odometry/prefix_override:/home/cardenas/car_ws/src/install/robot_odometry/lib/python3.10/site-packages:${PYTHONPATH} /usr/bin/python3 setup.py egg_info --egg-base ../build/robot_odometry build --build-base /home/cardenas/car_ws/src/build/robot_odometry/build install --record /home/cardenas/car_ws/src/build/robot_odometry/install.log --single-version-externally-managed
[0.564s] running egg_info
[0.564s] creating ../build/robot_odometry/robot_odometry.egg-info
[0.564s] writing ../build/robot_odometry/robot_odometry.egg-info/PKG-INFO
[0.564s] writing dependency_links to ../build/robot_odometry/robot_odometry.egg-info/dependency_links.txt
[0.565s] writing entry points to ../build/robot_odometry/robot_odometry.egg-info/entry_points.txt
[0.565s] writing requirements to ../build/robot_odometry/robot_odometry.egg-info/requires.txt
[0.565s] writing top-level names to ../build/robot_odometry/robot_odometry.egg-info/top_level.txt
[0.565s] writing manifest file '../build/robot_odometry/robot_odometry.egg-info/SOURCES.txt'
[0.565s] reading manifest file '../build/robot_odometry/robot_odometry.egg-info/SOURCES.txt'
[0.565s] writing manifest file '../build/robot_odometry/robot_odometry.egg-info/SOURCES.txt'
[0.565s] running build
[0.565s] running build_py
[0.566s] creating /home/cardenas/car_ws/src/build/robot_odometry/build
[0.566s] creating /home/cardenas/car_ws/src/build/robot_odometry/build/lib
[0.566s] creating /home/cardenas/car_ws/src/build/robot_odometry/build/lib/robot_odometry
[0.566s] copying robot_odometry/odometry.py -> /home/cardenas/car_ws/src/build/robot_odometry/build/lib/robot_odometry
[0.566s] copying robot_odometry/__init__.py -> /home/cardenas/car_ws/src/build/robot_odometry/build/lib/robot_odometry
[0.566s] running install
[0.566s] running install_lib
[0.566s] creating /home/cardenas/car_ws/src/install/robot_odometry/lib/python3.10/site-packages/robot_odometry
[0.566s] copying /home/cardenas/car_ws/src/build/robot_odometry/build/lib/robot_odometry/odometry.py -> /home/cardenas/car_ws/src/install/robot_odometry/lib/python3.10/site-packages/robot_odometry
[0.566s] copying /home/cardenas/car_ws/src/build/robot_odometry/build/lib/robot_odometry/__init__.py -> /home/cardenas/car_ws/src/install/robot_odometry/lib/python3.10/site-packages/robot_odometry
[0.567s] byte-compiling /home/cardenas/car_ws/src/install/robot_odometry/lib/python3.10/site-packages/robot_odometry/odometry.py to odometry.cpython-310.pyc
[0.567s] byte-compiling /home/cardenas/car_ws/src/install/robot_odometry/lib/python3.10/site-packages/robot_odometry/__init__.py to __init__.cpython-310.pyc
[0.567s] running install_data
[0.567s] creating /home/cardenas/car_ws/src/install/robot_odometry/share/ament_index
[0.567s] creating /home/cardenas/car_ws/src/install/robot_odometry/share/ament_index/resource_index
[0.567s] creating /home/cardenas/car_ws/src/install/robot_odometry/share/ament_index/resource_index/packages
[0.568s] copying resource/robot_odometry -> /home/cardenas/car_ws/src/install/robot_odometry/share/ament_index/resource_index/packages
[0.568s] copying package.xml -> /home/cardenas/car_ws/src/install/robot_odometry/share/robot_odometry
[0.568s] running install_egg_info
[0.568s] Copying ../build/robot_odometry/robot_odometry.egg-info to /home/cardenas/car_ws/src/install/robot_odometry/lib/python3.10/site-packages/robot_odometry-0.0.0-py3.10.egg-info
[0.568s] running install_scripts
[0.578s] Installing odometry script to /home/cardenas/car_ws/src/install/robot_odometry/lib/robot_odometry
[0.578s] writing list of installed files to '/home/cardenas/car_ws/src/build/robot_odometry/install.log'
[0.599s] Invoked command in '/home/cardenas/car_ws/src/robot_odometry' returned '0': PYTHONPATH=/home/cardenas/car_ws/src/build/robot_odometry/prefix_override:/home/cardenas/car_ws/src/install/robot_odometry/lib/python3.10/site-packages:${PYTHONPATH} /usr/bin/python3 setup.py egg_info --egg-base ../build/robot_odometry build --build-base /home/cardenas/car_ws/src/build/robot_odometry/build install --record /home/cardenas/car_ws/src/build/robot_odometry/install.log --single-version-externally-managed
