[0.450s] Invoking command in '/home/cardenas/car_ws/src/robot_odometry': PYTHONPATH=/home/cardenas/car_ws/src/build/robot_odometry/prefix_override:/home/cardenas/car_ws/src/install/robot_odometry/lib/python3.10/site-packages:${PYTHONPATH} /usr/bin/python3 setup.py egg_info --egg-base ../build/robot_odometry build --build-base /home/cardenas/car_ws/src/build/robot_odometry/build install --record /home/cardenas/car_ws/src/build/robot_odometry/install.log --single-version-externally-managed
[0.571s] running egg_info
[0.571s] writing ../build/robot_odometry/robot_odometry.egg-info/PKG-INFO
[0.571s] writing dependency_links to ../build/robot_odometry/robot_odometry.egg-info/dependency_links.txt
[0.571s] writing entry points to ../build/robot_odometry/robot_odometry.egg-info/entry_points.txt
[0.571s] writing requirements to ../build/robot_odometry/robot_odometry.egg-info/requires.txt
[0.571s] writing top-level names to ../build/robot_odometry/robot_odometry.egg-info/top_level.txt
[0.572s] reading manifest file '../build/robot_odometry/robot_odometry.egg-info/SOURCES.txt'
[0.572s] writing manifest file '../build/robot_odometry/robot_odometry.egg-info/SOURCES.txt'
[0.572s] running build
[0.572s] running build_py
[0.572s] running install
[0.573s] running install_lib
[0.573s] running install_data
[0.573s] running install_egg_info
[0.574s] removing '/home/cardenas/car_ws/src/install/robot_odometry/lib/python3.10/site-packages/robot_odometry-0.0.0-py3.10.egg-info' (and everything under it)
[0.574s] Copying ../build/robot_odometry/robot_odometry.egg-info to /home/cardenas/car_ws/src/install/robot_odometry/lib/python3.10/site-packages/robot_odometry-0.0.0-py3.10.egg-info
[0.574s] running install_scripts
[0.584s] Installing odometry script to /home/cardenas/car_ws/src/install/robot_odometry/lib/robot_odometry
[0.585s] writing list of installed files to '/home/cardenas/car_ws/src/build/robot_odometry/install.log'
[0.605s] Invoked command in '/home/cardenas/car_ws/src/robot_odometry' returned '0': PYTHONPATH=/home/cardenas/car_ws/src/build/robot_odometry/prefix_override:/home/cardenas/car_ws/src/install/robot_odometry/lib/python3.10/site-packages:${PYTHONPATH} /usr/bin/python3 setup.py egg_info --egg-base ../build/robot_odometry build --build-base /home/cardenas/car_ws/src/build/robot_odometry/build install --record /home/cardenas/car_ws/src/build/robot_odometry/install.log --single-version-externally-managed
