[0.074s] DEBUG:colcon:Command line arguments: ['/usr/bin/colcon', 'build']
[0.074s] DEBUG:colcon:Parsed command line arguments: Namespace(log_base=None, log_level=None, verb_name='build', build_base='build', install_base='install', merge_install=False, symlink_install=False, test_result_base=None, continue_on_error=False, executor='parallel', parallel_workers=24, event_handlers=None, ignore_user_meta=False, metas=['./colcon.meta'], base_paths=['.'], packages_ignore=None, packages_ignore_regex=None, paths=None, packages_up_to=None, packages_up_to_regex=None, packages_above=None, packages_above_and_dependencies=None, packages_above_depth=None, packages_select_by_dep=None, packages_skip_by_dep=None, packages_skip_up_to=None, packages_select_build_failed=False, packages_skip_build_finished=False, packages_select_test_failures=False, packages_skip_test_passed=False, packages_select=None, packages_skip=None, packages_select_regex=None, packages_skip_regex=None, packages_start=None, packages_end=None, allow_overriding=[], cmake_args=None, cmake_target=None, cmake_target_skip_unavailable=False, cmake_clean_cache=False, cmake_clean_first=False, cmake_force_configure=False, ament_cmake_args=None, catkin_cmake_args=None, catkin_skip_building_tests=False, verb_parser=<colcon_defaults.argument_parser.defaults.DefaultArgumentsDecorator object at 0x7f35a5343a90>, verb_extension=<colcon_core.verb.build.BuildVerb object at 0x7f35a5343520>, main=<bound method BuildVerb.main of <colcon_core.verb.build.BuildVerb object at 0x7f35a5343520>>)
[0.083s] Level 1:colcon.colcon_core.package_discovery:discover_packages(colcon_meta) check parameters
[0.083s] Level 1:colcon.colcon_core.package_discovery:discover_packages(recursive) check parameters
[0.083s] Level 1:colcon.colcon_core.package_discovery:discover_packages(ignore) check parameters
[0.083s] Level 1:colcon.colcon_core.package_discovery:discover_packages(path) check parameters
[0.083s] Level 1:colcon.colcon_core.package_discovery:discover_packages(colcon_meta) discover
[0.083s] Level 1:colcon.colcon_core.package_discovery:discover_packages(recursive) discover
[0.083s] INFO:colcon.colcon_core.package_discovery:Crawling recursively for packages in '/home/cardenas/car_ws/src'
[0.083s] Level 1:colcon.colcon_core.package_identification:_identify(.) by extensions ['ignore', 'ignore_ament_install']
[0.083s] Level 1:colcon.colcon_core.package_identification:_identify(.) by extension 'ignore'
[0.083s] Level 1:colcon.colcon_core.package_identification:_identify(.) by extension 'ignore_ament_install'
[0.083s] Level 1:colcon.colcon_core.package_identification:_identify(.) by extensions ['colcon_pkg']
[0.083s] Level 1:colcon.colcon_core.package_identification:_identify(.) by extension 'colcon_pkg'
[0.083s] Level 1:colcon.colcon_core.package_identification:_identify(.) by extensions ['colcon_meta']
[0.083s] Level 1:colcon.colcon_core.package_identification:_identify(.) by extension 'colcon_meta'
[0.083s] Level 1:colcon.colcon_core.package_identification:_identify(.) by extensions ['ros']
[0.083s] Level 1:colcon.colcon_core.package_identification:_identify(.) by extension 'ros'
[0.089s] Level 1:colcon.colcon_core.package_identification:_identify(.) by extensions ['cmake', 'python']
[0.089s] Level 1:colcon.colcon_core.package_identification:_identify(.) by extension 'cmake'
[0.089s] Level 1:colcon.colcon_core.package_identification:_identify(.) by extension 'python'
[0.089s] Level 1:colcon.colcon_core.package_identification:_identify(.) by extensions ['python_setup_py']
[0.089s] Level 1:colcon.colcon_core.package_identification:_identify(.) by extension 'python_setup_py'
[0.089s] Level 1:colcon.colcon_core.package_identification:_identify(build) by extensions ['ignore', 'ignore_ament_install']
[0.089s] Level 1:colcon.colcon_core.package_identification:_identify(build) by extension 'ignore'
[0.089s] Level 1:colcon.colcon_core.package_identification:_identify(build) ignored
[0.089s] Level 1:colcon.colcon_core.package_identification:_identify(install) by extensions ['ignore', 'ignore_ament_install']
[0.089s] Level 1:colcon.colcon_core.package_identification:_identify(install) by extension 'ignore'
[0.089s] Level 1:colcon.colcon_core.package_identification:_identify(install) ignored
[0.089s] Level 1:colcon.colcon_core.package_identification:_identify(log) by extensions ['ignore', 'ignore_ament_install']
[0.089s] Level 1:colcon.colcon_core.package_identification:_identify(log) by extension 'ignore'
[0.089s] Level 1:colcon.colcon_core.package_identification:_identify(log) ignored
[0.089s] Level 1:colcon.colcon_core.package_identification:_identify(robot_bringup) by extensions ['ignore', 'ignore_ament_install']
[0.089s] Level 1:colcon.colcon_core.package_identification:_identify(robot_bringup) by extension 'ignore'
[0.089s] Level 1:colcon.colcon_core.package_identification:_identify(robot_bringup) by extension 'ignore_ament_install'
[0.089s] Level 1:colcon.colcon_core.package_identification:_identify(robot_bringup) by extensions ['colcon_pkg']
[0.089s] Level 1:colcon.colcon_core.package_identification:_identify(robot_bringup) by extension 'colcon_pkg'
[0.089s] Level 1:colcon.colcon_core.package_identification:_identify(robot_bringup) by extensions ['colcon_meta']
[0.089s] Level 1:colcon.colcon_core.package_identification:_identify(robot_bringup) by extension 'colcon_meta'
[0.089s] Level 1:colcon.colcon_core.package_identification:_identify(robot_bringup) by extensions ['ros']
[0.089s] Level 1:colcon.colcon_core.package_identification:_identify(robot_bringup) by extension 'ros'
[0.090s] DEBUG:colcon.colcon_core.package_identification:Package 'robot_bringup' with type 'ros.ament_python' and name 'robot_bringup'
[0.091s] Level 1:colcon.colcon_core.package_identification:_identify(robot_odometry) by extensions ['ignore', 'ignore_ament_install']
[0.091s] Level 1:colcon.colcon_core.package_identification:_identify(robot_odometry) by extension 'ignore'
[0.091s] Level 1:colcon.colcon_core.package_identification:_identify(robot_odometry) by extension 'ignore_ament_install'
[0.091s] Level 1:colcon.colcon_core.package_identification:_identify(robot_odometry) by extensions ['colcon_pkg']
[0.091s] Level 1:colcon.colcon_core.package_identification:_identify(robot_odometry) by extension 'colcon_pkg'
[0.091s] Level 1:colcon.colcon_core.package_identification:_identify(robot_odometry) by extensions ['colcon_meta']
[0.091s] Level 1:colcon.colcon_core.package_identification:_identify(robot_odometry) by extension 'colcon_meta'
[0.091s] Level 1:colcon.colcon_core.package_identification:_identify(robot_odometry) by extensions ['ros']
[0.091s] Level 1:colcon.colcon_core.package_identification:_identify(robot_odometry) by extension 'ros'
[0.091s] DEBUG:colcon.colcon_core.package_identification:Package 'robot_odometry' with type 'ros.ament_python' and name 'robot_odometry'
[0.091s] Level 1:colcon.colcon_core.package_discovery:discover_packages(recursive) using defaults
[0.091s] Level 1:colcon.colcon_core.package_discovery:discover_packages(ignore) discover
[0.091s] Level 1:colcon.colcon_core.package_discovery:discover_packages(ignore) using defaults
[0.091s] Level 1:colcon.colcon_core.package_discovery:discover_packages(path) discover
[0.091s] Level 1:colcon.colcon_core.package_discovery:discover_packages(path) using defaults
[0.102s] Level 1:colcon.colcon_core.package_discovery:discover_packages(prefix_path) check parameters
[0.102s] Level 1:colcon.colcon_core.package_discovery:discover_packages(prefix_path) discover
[0.104s] DEBUG:colcon.colcon_installed_package_information.package_discovery:Found 2 installed packages in /home/cardenas/car_ws/src/install
[0.104s] DEBUG:colcon.colcon_installed_package_information.package_discovery:Found 2 installed packages in /home/cardenas/car_ws/install
[0.105s] DEBUG:colcon.colcon_installed_package_information.package_discovery:Found 378 installed packages in /opt/ros/humble
[0.106s] Level 1:colcon.colcon_core.package_discovery:discover_packages(prefix_path) using defaults
[0.135s] Level 5:colcon.colcon_core.verb:set package 'robot_bringup' build argument 'cmake_args' from command line to 'None'
[0.135s] Level 5:colcon.colcon_core.verb:set package 'robot_bringup' build argument 'cmake_target' from command line to 'None'
[0.135s] Level 5:colcon.colcon_core.verb:set package 'robot_bringup' build argument 'cmake_target_skip_unavailable' from command line to 'False'
[0.135s] Level 5:colcon.colcon_core.verb:set package 'robot_bringup' build argument 'cmake_clean_cache' from command line to 'False'
[0.135s] Level 5:colcon.colcon_core.verb:set package 'robot_bringup' build argument 'cmake_clean_first' from command line to 'False'
[0.135s] Level 5:colcon.colcon_core.verb:set package 'robot_bringup' build argument 'cmake_force_configure' from command line to 'False'
[0.135s] Level 5:colcon.colcon_core.verb:set package 'robot_bringup' build argument 'ament_cmake_args' from command line to 'None'
[0.135s] Level 5:colcon.colcon_core.verb:set package 'robot_bringup' build argument 'catkin_cmake_args' from command line to 'None'
[0.135s] Level 5:colcon.colcon_core.verb:set package 'robot_bringup' build argument 'catkin_skip_building_tests' from command line to 'False'
[0.135s] DEBUG:colcon.colcon_core.verb:Building package 'robot_bringup' with the following arguments: {'ament_cmake_args': None, 'build_base': '/home/cardenas/car_ws/src/build/robot_bringup', 'catkin_cmake_args': None, 'catkin_skip_building_tests': False, 'cmake_args': None, 'cmake_clean_cache': False, 'cmake_clean_first': False, 'cmake_force_configure': False, 'cmake_target': None, 'cmake_target_skip_unavailable': False, 'install_base': '/home/cardenas/car_ws/src/install/robot_bringup', 'merge_install': False, 'path': '/home/cardenas/car_ws/src/robot_bringup', 'symlink_install': False, 'test_result_base': None}
[0.136s] Level 5:colcon.colcon_core.verb:set package 'robot_odometry' build argument 'cmake_args' from command line to 'None'
[0.136s] Level 5:colcon.colcon_core.verb:set package 'robot_odometry' build argument 'cmake_target' from command line to 'None'
[0.136s] Level 5:colcon.colcon_core.verb:set package 'robot_odometry' build argument 'cmake_target_skip_unavailable' from command line to 'False'
[0.136s] Level 5:colcon.colcon_core.verb:set package 'robot_odometry' build argument 'cmake_clean_cache' from command line to 'False'
[0.136s] Level 5:colcon.colcon_core.verb:set package 'robot_odometry' build argument 'cmake_clean_first' from command line to 'False'
[0.136s] Level 5:colcon.colcon_core.verb:set package 'robot_odometry' build argument 'cmake_force_configure' from command line to 'False'
[0.136s] Level 5:colcon.colcon_core.verb:set package 'robot_odometry' build argument 'ament_cmake_args' from command line to 'None'
[0.136s] Level 5:colcon.colcon_core.verb:set package 'robot_odometry' build argument 'catkin_cmake_args' from command line to 'None'
[0.136s] Level 5:colcon.colcon_core.verb:set package 'robot_odometry' build argument 'catkin_skip_building_tests' from command line to 'False'
[0.136s] DEBUG:colcon.colcon_core.verb:Building package 'robot_odometry' with the following arguments: {'ament_cmake_args': None, 'build_base': '/home/cardenas/car_ws/src/build/robot_odometry', 'catkin_cmake_args': None, 'catkin_skip_building_tests': False, 'cmake_args': None, 'cmake_clean_cache': False, 'cmake_clean_first': False, 'cmake_force_configure': False, 'cmake_target': None, 'cmake_target_skip_unavailable': False, 'install_base': '/home/cardenas/car_ws/src/install/robot_odometry', 'merge_install': False, 'path': '/home/cardenas/car_ws/src/robot_odometry', 'symlink_install': False, 'test_result_base': None}
[0.136s] INFO:colcon.colcon_core.executor:Executing jobs using 'parallel' executor
[0.138s] DEBUG:colcon.colcon_parallel_executor.executor.parallel:run_until_complete
[0.138s] INFO:colcon.colcon_ros.task.ament_python.build:Building ROS package in '/home/cardenas/car_ws/src/robot_bringup' with build type 'ament_python'
[0.138s] Level 1:colcon.colcon_core.shell:create_environment_hook('robot_bringup', 'ament_prefix_path')
[0.140s] INFO:colcon.colcon_core.plugin_system:Skipping extension 'colcon_core.shell.bat': Not used on non-Windows systems
[0.140s] INFO:colcon.colcon_core.shell:Creating environment hook '/home/cardenas/car_ws/src/install/robot_bringup/share/robot_bringup/hook/ament_prefix_path.ps1'
[0.141s] INFO:colcon.colcon_core.shell:Creating environment descriptor '/home/cardenas/car_ws/src/install/robot_bringup/share/robot_bringup/hook/ament_prefix_path.dsv'
[0.141s] INFO:colcon.colcon_core.shell:Creating environment hook '/home/cardenas/car_ws/src/install/robot_bringup/share/robot_bringup/hook/ament_prefix_path.sh'
[0.142s] INFO:colcon.colcon_core.shell:Skip shell extension 'powershell' for command environment: Not usable outside of PowerShell
[0.142s] DEBUG:colcon.colcon_core.shell:Skip shell extension 'dsv' for command environment
[0.144s] INFO:colcon.colcon_ros.task.ament_python.build:Building ROS package in '/home/cardenas/car_ws/src/robot_odometry' with build type 'ament_python'
[0.144s] Level 1:colcon.colcon_core.shell:create_environment_hook('robot_odometry', 'ament_prefix_path')
[0.145s] INFO:colcon.colcon_core.shell:Creating environment hook '/home/cardenas/car_ws/src/install/robot_odometry/share/robot_odometry/hook/ament_prefix_path.ps1'
[0.145s] INFO:colcon.colcon_core.shell:Creating environment descriptor '/home/cardenas/car_ws/src/install/robot_odometry/share/robot_odometry/hook/ament_prefix_path.dsv'
[0.145s] INFO:colcon.colcon_core.shell:Creating environment hook '/home/cardenas/car_ws/src/install/robot_odometry/share/robot_odometry/hook/ament_prefix_path.sh'
[0.146s] INFO:colcon.colcon_core.shell:Skip shell extension 'powershell' for command environment: Not usable outside of PowerShell
[0.146s] DEBUG:colcon.colcon_core.shell:Skip shell extension 'dsv' for command environment
[0.280s] INFO:colcon.colcon_core.task.python.build:Building Python package in '/home/cardenas/car_ws/src/robot_bringup'
[0.281s] INFO:colcon.colcon_core.shell:Skip shell extension 'powershell' for command environment: Not usable outside of PowerShell
[0.281s] DEBUG:colcon.colcon_core.shell:Skip shell extension 'dsv' for command environment
[0.413s] INFO:colcon.colcon_core.task.python.build:Building Python package in '/home/cardenas/car_ws/src/robot_odometry'
[0.414s] INFO:colcon.colcon_core.shell:Skip shell extension 'powershell' for command environment: Not usable outside of PowerShell
[0.414s] DEBUG:colcon.colcon_core.shell:Skip shell extension 'dsv' for command environment
[0.611s] DEBUG:colcon.colcon_core.event_handler.log_command:Invoking command in '/home/cardenas/car_ws/src/robot_odometry': PYTHONPATH=/home/cardenas/car_ws/src/build/robot_odometry/prefix_override:/home/cardenas/car_ws/src/install/robot_odometry/lib/python3.10/site-packages:${PYTHONPATH} /usr/bin/python3 setup.py egg_info --egg-base ../build/robot_odometry build --build-base /home/cardenas/car_ws/src/build/robot_odometry/build install --record /home/cardenas/car_ws/src/build/robot_odometry/install.log --single-version-externally-managed
[0.613s] DEBUG:colcon.colcon_core.event_handler.log_command:Invoking command in '/home/cardenas/car_ws/src/robot_bringup': PYTHONPATH=/home/cardenas/car_ws/src/build/robot_bringup/prefix_override:/home/cardenas/car_ws/src/install/robot_bringup/lib/python3.10/site-packages:${PYTHONPATH} /usr/bin/python3 setup.py egg_info --egg-base ../build/robot_bringup build --build-base /home/cardenas/car_ws/src/build/robot_bringup/build install --record /home/cardenas/car_ws/src/build/robot_bringup/install.log --single-version-externally-managed
[0.765s] DEBUG:colcon.colcon_core.event_handler.log_command:Invoked command in '/home/cardenas/car_ws/src/robot_bringup' returned '0': PYTHONPATH=/home/cardenas/car_ws/src/build/robot_bringup/prefix_override:/home/cardenas/car_ws/src/install/robot_bringup/lib/python3.10/site-packages:${PYTHONPATH} /usr/bin/python3 setup.py egg_info --egg-base ../build/robot_bringup build --build-base /home/cardenas/car_ws/src/build/robot_bringup/build install --record /home/cardenas/car_ws/src/build/robot_bringup/install.log --single-version-externally-managed
[0.767s] Level 1:colcon.colcon_core.environment:checking '/home/cardenas/car_ws/src/install/robot_bringup' for CMake module files
[0.767s] Level 1:colcon.colcon_core.environment:checking '/home/cardenas/car_ws/src/install/robot_bringup' for CMake config files
[0.767s] Level 1:colcon.colcon_core.environment:checking '/home/cardenas/car_ws/src/install/robot_bringup/lib'
[0.767s] Level 1:colcon.colcon_core.environment:checking '/home/cardenas/car_ws/src/install/robot_bringup/bin'
[0.767s] Level 1:colcon.colcon_core.environment:checking '/home/cardenas/car_ws/src/install/robot_bringup/lib/pkgconfig/robot_bringup.pc'
[0.767s] Level 1:colcon.colcon_core.environment:checking '/home/cardenas/car_ws/src/install/robot_bringup/lib/python3.10/site-packages'
[0.767s] Level 1:colcon.colcon_core.shell:create_environment_hook('robot_bringup', 'pythonpath')
[0.768s] INFO:colcon.colcon_core.shell:Creating environment hook '/home/cardenas/car_ws/src/install/robot_bringup/share/robot_bringup/hook/pythonpath.ps1'
[0.768s] INFO:colcon.colcon_core.shell:Creating environment descriptor '/home/cardenas/car_ws/src/install/robot_bringup/share/robot_bringup/hook/pythonpath.dsv'
[0.769s] INFO:colcon.colcon_core.shell:Creating environment hook '/home/cardenas/car_ws/src/install/robot_bringup/share/robot_bringup/hook/pythonpath.sh'
[0.769s] Level 1:colcon.colcon_core.environment:checking '/home/cardenas/car_ws/src/install/robot_bringup/bin'
[0.769s] Level 1:colcon.colcon_core.environment:create_environment_scripts_only(robot_bringup)
[0.770s] INFO:colcon.colcon_core.shell:Creating package script '/home/cardenas/car_ws/src/install/robot_bringup/share/robot_bringup/package.ps1'
[0.770s] INFO:colcon.colcon_core.shell:Creating package descriptor '/home/cardenas/car_ws/src/install/robot_bringup/share/robot_bringup/package.dsv'
[0.770s] INFO:colcon.colcon_core.shell:Creating package script '/home/cardenas/car_ws/src/install/robot_bringup/share/robot_bringup/package.sh'
[0.770s] INFO:colcon.colcon_core.shell:Creating package script '/home/cardenas/car_ws/src/install/robot_bringup/share/robot_bringup/package.bash'
[0.771s] INFO:colcon.colcon_core.shell:Creating package script '/home/cardenas/car_ws/src/install/robot_bringup/share/robot_bringup/package.zsh'
[0.771s] Level 1:colcon.colcon_core.environment:create_file_with_runtime_dependencies(/home/cardenas/car_ws/src/install/robot_bringup/share/colcon-core/packages/robot_bringup)
[0.772s] Level 1:colcon.colcon_core.environment:checking '/home/cardenas/car_ws/src/install/robot_odometry' for CMake module files
[0.772s] DEBUG:colcon.colcon_core.event_handler.log_command:Invoked command in '/home/cardenas/car_ws/src/robot_odometry' returned '0': PYTHONPATH=/home/cardenas/car_ws/src/build/robot_odometry/prefix_override:/home/cardenas/car_ws/src/install/robot_odometry/lib/python3.10/site-packages:${PYTHONPATH} /usr/bin/python3 setup.py egg_info --egg-base ../build/robot_odometry build --build-base /home/cardenas/car_ws/src/build/robot_odometry/build install --record /home/cardenas/car_ws/src/build/robot_odometry/install.log --single-version-externally-managed
[0.773s] Level 1:colcon.colcon_core.environment:checking '/home/cardenas/car_ws/src/install/robot_odometry' for CMake config files
[0.773s] Level 1:colcon.colcon_core.environment:checking '/home/cardenas/car_ws/src/install/robot_odometry/lib'
[0.773s] Level 1:colcon.colcon_core.environment:checking '/home/cardenas/car_ws/src/install/robot_odometry/bin'
[0.773s] Level 1:colcon.colcon_core.environment:checking '/home/cardenas/car_ws/src/install/robot_odometry/lib/pkgconfig/robot_odometry.pc'
[0.773s] Level 1:colcon.colcon_core.environment:checking '/home/cardenas/car_ws/src/install/robot_odometry/lib/python3.10/site-packages'
[0.773s] Level 1:colcon.colcon_core.shell:create_environment_hook('robot_odometry', 'pythonpath')
[0.774s] INFO:colcon.colcon_core.shell:Creating environment hook '/home/cardenas/car_ws/src/install/robot_odometry/share/robot_odometry/hook/pythonpath.ps1'
[0.774s] INFO:colcon.colcon_core.shell:Creating environment descriptor '/home/cardenas/car_ws/src/install/robot_odometry/share/robot_odometry/hook/pythonpath.dsv'
[0.774s] INFO:colcon.colcon_core.shell:Creating environment hook '/home/cardenas/car_ws/src/install/robot_odometry/share/robot_odometry/hook/pythonpath.sh'
[0.774s] Level 1:colcon.colcon_core.environment:checking '/home/cardenas/car_ws/src/install/robot_odometry/bin'
[0.774s] Level 1:colcon.colcon_core.environment:create_environment_scripts_only(robot_odometry)
[0.775s] INFO:colcon.colcon_core.shell:Creating package script '/home/cardenas/car_ws/src/install/robot_odometry/share/robot_odometry/package.ps1'
[0.775s] INFO:colcon.colcon_core.shell:Creating package descriptor '/home/cardenas/car_ws/src/install/robot_odometry/share/robot_odometry/package.dsv'
[0.775s] INFO:colcon.colcon_core.shell:Creating package script '/home/cardenas/car_ws/src/install/robot_odometry/share/robot_odometry/package.sh'
[0.775s] INFO:colcon.colcon_core.shell:Creating package script '/home/cardenas/car_ws/src/install/robot_odometry/share/robot_odometry/package.bash'
[0.775s] INFO:colcon.colcon_core.shell:Creating package script '/home/cardenas/car_ws/src/install/robot_odometry/share/robot_odometry/package.zsh'
[0.776s] Level 1:colcon.colcon_core.environment:create_file_with_runtime_dependencies(/home/cardenas/car_ws/src/install/robot_odometry/share/colcon-core/packages/robot_odometry)
[0.776s] DEBUG:colcon.colcon_parallel_executor.executor.parallel:closing loop
[0.776s] DEBUG:colcon.colcon_parallel_executor.executor.parallel:loop closed
[0.776s] DEBUG:colcon.colcon_parallel_executor.executor.parallel:run_until_complete finished with '0'
[0.776s] DEBUG:colcon.colcon_core.event_reactor:joining thread
[0.781s] INFO:colcon.colcon_core.plugin_system:Skipping extension 'colcon_notification.desktop_notification.terminal_notifier': Not used on non-Darwin systems
[0.781s] INFO:colcon.colcon_core.plugin_system:Skipping extension 'colcon_notification.desktop_notification.win32': Not used on non-Windows systems
[0.781s] INFO:colcon.colcon_notification.desktop_notification:Sending desktop notification using 'notify2'
[0.787s] DEBUG:colcon.colcon_core.event_reactor:joined thread
[0.788s] INFO:colcon.colcon_core.shell:Creating prefix script '/home/cardenas/car_ws/src/install/local_setup.ps1'
[0.788s] INFO:colcon.colcon_core.shell:Creating prefix util module '/home/cardenas/car_ws/src/install/_local_setup_util_ps1.py'
[0.789s] INFO:colcon.colcon_core.shell:Creating prefix chain script '/home/cardenas/car_ws/src/install/setup.ps1'
[0.789s] INFO:colcon.colcon_core.shell:Creating prefix script '/home/cardenas/car_ws/src/install/local_setup.sh'
[0.789s] INFO:colcon.colcon_core.shell:Creating prefix util module '/home/cardenas/car_ws/src/install/_local_setup_util_sh.py'
[0.790s] INFO:colcon.colcon_core.shell:Creating prefix chain script '/home/cardenas/car_ws/src/install/setup.sh'
[0.790s] INFO:colcon.colcon_core.shell:Creating prefix script '/home/cardenas/car_ws/src/install/local_setup.bash'
[0.790s] INFO:colcon.colcon_core.shell:Creating prefix chain script '/home/cardenas/car_ws/src/install/setup.bash'
[0.791s] INFO:colcon.colcon_core.shell:Creating prefix script '/home/cardenas/car_ws/src/install/local_setup.zsh'
[0.791s] INFO:colcon.colcon_core.shell:Creating prefix chain script '/home/cardenas/car_ws/src/install/setup.zsh'
