running egg_info
writing ../build/robot_odometry/robot_odometry.egg-info/PKG-INFO
writing dependency_links to ../build/robot_odometry/robot_odometry.egg-info/dependency_links.txt
writing entry points to ../build/robot_odometry/robot_odometry.egg-info/entry_points.txt
writing requirements to ../build/robot_odometry/robot_odometry.egg-info/requires.txt
writing top-level names to ../build/robot_odometry/robot_odometry.egg-info/top_level.txt
reading manifest file '../build/robot_odometry/robot_odometry.egg-info/SOURCES.txt'
writing manifest file '../build/robot_odometry/robot_odometry.egg-info/SOURCES.txt'
running build
running build_py
copying robot_odometry/odometry.py -> /home/cardenas/car_ws/src/build/robot_odometry/build/lib/robot_odometry
running install
running install_lib
copying /home/cardenas/car_ws/src/build/robot_odometry/build/lib/robot_odometry/odometry.py -> /home/cardenas/car_ws/src/install/robot_odometry/lib/python3.10/site-packages/robot_odometry
byte-compiling /home/cardenas/car_ws/src/install/robot_odometry/lib/python3.10/site-packages/robot_odometry/odometry.py to odometry.cpython-310.pyc
running install_data
running install_egg_info
removing '/home/cardenas/car_ws/src/install/robot_odometry/lib/python3.10/site-packages/robot_odometry-0.0.0-py3.10.egg-info' (and everything under it)
Copying ../build/robot_odometry/robot_odometry.egg-info to /home/cardenas/car_ws/src/install/robot_odometry/lib/python3.10/site-packages/robot_odometry-0.0.0-py3.10.egg-info
running install_scripts
Installing odometry script to /home/cardenas/car_ws/src/install/robot_odometry/lib/robot_odometry
writing list of installed files to '/home/cardenas/car_ws/src/build/robot_odometry/install.log'
